1665520182 2022-10-12-05-29 7050
1665541744 2022-10-12-11-29 7067
1665586800 2022-10-13-00-00 7039
1665727200 2022-10-14-15-00 7122
1665738000 2022-10-14-18-00 7112
1665770400 2022-10-15-03-00 7070
1665781200 2022-10-15-06-00 7099
1665792001 2022-10-15-09-00 7099
1665802800 2022-10-15-12-00 7065
1665813600 2022-10-15-15-00 7065
1665835201 2022-10-15-21-00 7043
1665846000 2022-10-16-00-00 7043
1665856800 2022-10-16-03-00 7095
1665889200 2022-10-16-12-00 7120
1665900000 2022-10-16-15-00 7077
1665910800 2022-10-16-18-00 7077
1665943200 2022-10-17-03-00 7082
1665954001 2022-10-17-06-00 7066
1665964800 2022-10-17-09-00 7067
1665986400 2022-10-17-15-00 7026
1665997201 2022-10-17-18-00 7083
1666008000 2022-10-17-21-00 7085
1666018800 2022-10-18-00-00 7094
1666029600 2022-10-18-03-00 7094
1666040400 2022-10-18-06-00 7091
1666094400 2022-10-18-21-00 7161
1666105200 2022-10-19-00-00 7089
1666137601 2022-10-19-09-00 7142
1666148400 2022-10-19-12-00 7115
1666170000 2022-10-19-18-00 7151
1666180800 2022-10-19-21-00 7108
1666224000 2022-10-20-09-00 7136
1666256401 2022-10-20-18-00 7214
1666278000 2022-10-21-00-00 7120
1666288800 2022-10-21-03-00 7116
1666310400 2022-10-21-09-00 7109
1666353600 2022-10-21-21-00 7109
1666364400 2022-10-22-00-00 7092
1666375200 2022-10-22-03-00 7099
1666386000 2022-10-22-06-00 7099
1666396800 2022-10-22-09-00 7092
1666407600 2022-10-22-12-00 7103
1666450800 2022-10-23-00-00 7152
1666461601 2022-10-23-03-00 7124
1666472400 2022-10-23-06-00 7140
1666494000 2022-10-23-12-00 7116
1666504800 2022-10-23-15-00 7097
1666515600 2022-10-23-18-00 7088
1666569600 2022-10-24-09-00 7103
1666591201 2022-10-24-15-00 7191
1666602001 2022-10-24-18-00 7139
1666666800 2022-10-25-12-00 7152
1666677600 2022-10-25-15-00 7134
1666688517 2022-10-25-18-01 7130
1666699200 2022-10-25-21-00 7180
1666710000 2022-10-26-00-00 7178
1666720800 2022-10-26-03-00 7106
1666731600 2022-10-26-06-00 7114
1666742400 2022-10-26-09-00 7106
1666753200 2022-10-26-12-00 7131
1666764000 2022-10-26-15-00 7148
1666785601 2022-10-26-21-00 7192
1666796400 2022-10-27-00-00 7102
1666807200 2022-10-27-03-00 7129
1666818001 2022-10-27-06-00 7134
1666828800 2022-10-27-09-00 7151
1666839600 2022-10-27-12-00 7151
1666850400 2022-10-27-15-00 7200
1666861200 2022-10-27-18-00 7196
1666915200 2022-10-28-09-00 7065
1666926000 2022-10-28-12-00 7101
1666936800 2022-10-28-15-00 7097
1666947600 2022-10-28-18-00 7142
1666958400 2022-10-28-21-00 7061
1667001600 2022-10-29-09-00 7094
1667012400 2022-10-29-12-00 7094
1667023200 2022-10-29-15-00 7094
1667034000 2022-10-29-18-00 7130
1667055600 2022-10-30-00-00 7067
1667066400 2022-10-30-03-00 7080
1667077201 2022-10-30-06-00 7080
1667088000 2022-10-30-09-00 7075
1667098801 2022-10-30-12-00 7065
1667152800 2022-10-31-03-00 7086
1667174400 2022-10-31-09-00 7103
1667196000 2022-10-31-15-00 7139
1667206801 2022-10-31-18-00 7167
1667282401 2022-11-01-15-00 7136
1667304000 2022-11-01-21-00 6950
1667358001 2022-11-02-12-00 7094
1667368800 2022-11-02-15-00 7085
1667379600 2022-11-02-18-00 7092
1667455201 2022-11-03-15-00 7091
1667466000 2022-11-03-18-00 7091
1667476800 2022-11-03-21-00 7162
1667552400 2022-11-04-18-00 7156
1667563201 2022-11-04-21-00 7082
1667606400 2022-11-05-09-00 7026
1667617200 2022-11-05-12-00 7032
1667628000 2022-11-05-15-00 7067
1667638801 2022-11-05-18-00 7067
1667660400 2022-11-06-00-00 7196
1667671200 2022-11-06-03-00 7196
1667682000 2022-11-06-06-00 7202
1667692800 2022-11-06-09-00 7214
1667703600 2022-11-06-12-00 7214
1667779200 2022-11-07-09-00 7085
1667790000 2022-11-07-12-00 7091
1667800800 2022-11-07-15-00 7098
1667908800 2022-11-08-21-00 7157
1667919601 2022-11-09-00-00 7072
1667952000 2022-11-09-09-00 7103
1667962800 2022-11-09-12-00 7192
1667973600 2022-11-09-15-00 7196
1667984400 2022-11-09-18-00 7190
1667995200 2022-11-09-21-00 7172
1668006001 2022-11-10-00-00 7160
1668016800 2022-11-10-03-00 7051
1668027600 2022-11-10-06-00 7071
1668038400 2022-11-10-09-00 7072
1668049473 2022-11-10-12-04 7128
1668060000 2022-11-10-15-00 7123
1668081600 2022-11-10-21-00 7204
1668103200 2022-11-11-03-00 7142
1668124800 2022-11-11-09-00 7137
1668135600 2022-11-11-12-00 7142
1668146401 2022-11-11-15-00 7136
1668157201 2022-11-11-18-00 7221
1668168000 2022-11-11-21-00 7226
1668178801 2022-11-12-00-00 7170
1668189601 2022-11-12-03-00 7170
1668200400 2022-11-12-06-00 7153
1668211200 2022-11-12-09-00 7234
1668222001 2022-11-12-12-00 7238
1668232800 2022-11-12-15-00 7223
1668243601 2022-11-12-18-00 7222
1668254400 2022-11-12-21-00 7222
1668297600 2022-11-13-09-00 7195
1668319200 2022-11-13-15-00 7237
1668330001 2022-11-13-18-00 7256
1668340800 2022-11-13-21-00 7211
1668351600 2022-11-14-00-00 7209
1668362400 2022-11-14-03-00 7209
1668373201 2022-11-14-06-00 7225
1668384000 2022-11-14-09-00 7236
1668427200 2022-11-14-21-00 7217
1668492000 2022-11-15-15-00 7261
1668546000 2022-11-16-06-00 7215
1668556800 2022-11-16-09-00 7318
1668567600 2022-11-16-12-00 7307
1668578401 2022-11-16-15-00 7207
1668589201 2022-11-16-18-00 7263
1668600000 2022-11-16-21-00 7265
1668610800 2022-11-17-00-00 7159
1668621600 2022-11-17-03-00 7199
1668632400 2022-11-17-06-00 7247
1668643200 2022-11-17-09-00 7239
1668654000 2022-11-17-12-00 7234
1668664800 2022-11-17-15-00 7232
1668675600 2022-11-17-18-00 7290
1668686400 2022-11-17-21-00 7288
1668697200 2022-11-18-00-00 7242
1668708000 2022-11-18-03-00 7224
1668718801 2022-11-18-06-00 7224
1668729601 2022-11-18-09-00 7253
1668740400 2022-11-18-12-00 7334
1668751201 2022-11-18-15-00 7197
1668772800 2022-11-18-21-00 7176
1668783600 2022-11-19-00-00 7254
1668794400 2022-11-19-03-00 7187
1668805201 2022-11-19-06-00 7220
1668816001 2022-11-19-09-00 7211
1668870002 2022-11-20-00-00 7405
1668880800 2022-11-20-03-00 7291
1668891600 2022-11-20-06-00 7247
1668902400 2022-11-20-09-00 7269
1668913200 2022-11-20-12-00 7318
1668967200 2022-11-21-03-00 7307
1668978000 2022-11-21-06-00 7242
1668988801 2022-11-21-09-00 7279
1669021200 2022-11-21-18-00 7255
1669032001 2022-11-21-21-00 7253
1669053600 2022-11-22-03-00 7166
1669064400 2022-11-22-06-00 7172
1669075201 2022-11-22-09-00 7270
1669086000 2022-11-22-12-00 7004
1669129200 2022-11-23-00-00 7206
1669140000 2022-11-23-03-00 7207
1669150800 2022-11-23-06-00 7222
1669172749 2022-11-23-12-05 7237
1669204800 2022-11-23-21-00 7289
1669215600 2022-11-24-00-00 7284
1669226401 2022-11-24-03-00 7301
1669237202 2022-11-24-06-00 7271
1669248000 2022-11-24-09-00 7182
1669258894 2022-11-24-12-01 7269
1669280400 2022-11-24-18-00 7209
1669291200 2022-11-24-21-00 7216
1669312801 2022-11-25-03-00 7249
1669388400 2022-11-26-00-00 7177
1669399200 2022-11-26-03-00 7128
1669410000 2022-11-26-06-00 7137
1669420800 2022-11-26-09-00 7135
1669431601 2022-11-26-12-00 7137
1669442401 2022-11-26-15-00 7135
1669453200 2022-11-26-18-00 7138
1669464000 2022-11-26-21-00 7197
1669474801 2022-11-27-00-00 7151
1669518000 2022-11-27-12-00 7226
1669528800 2022-11-27-15-00 7282
1669539600 2022-11-27-18-00 7281
1669561201 2022-11-28-00-00 7199
1669615200 2022-11-28-15-00 7227
1669626000 2022-11-28-18-00 7238
1669636800 2022-11-28-21-00 7200
1669658400 2022-11-29-03-00 7195
1669669200 2022-11-29-06-00 7106
1669680001 2022-11-29-09-00 7101
1669690800 2022-11-29-12-00 7242
1669701600 2022-11-29-15-00 7243
1669712401 2022-11-29-18-00 7247
1669734000 2022-11-30-00-00 7149
1669777200 2022-11-30-12-00 7213
1669788000 2022-11-30-15-00 7296
1669798801 2022-11-30-18-00 7324
1669809600 2022-11-30-21-00 7421
1669820400 2022-12-01-00-00 7324
1669842001 2022-12-01-06-00 7209
1669852801 2022-12-01-09-00 7213
1669863600 2022-12-01-12-00 7299
1669874401 2022-12-01-15-00 7242
1669885201 2022-12-01-18-00 7270
1669896000 2022-12-01-21-00 7237
1669906800 2022-12-02-00-00 7236
1669939201 2022-12-02-09-00 7391
1669950001 2022-12-02-12-00 7391
1669960800 2022-12-02-15-00 7347
1669971600 2022-12-02-18-00 7255
1669993200 2022-12-03-00-00 7245
1670004000 2022-12-03-03-00 7248
1670014800 2022-12-03-06-00 7238
1670025601 2022-12-03-09-00 7180
1670036400 2022-12-03-12-00 7154
1670047200 2022-12-03-15-00 7227
1670068800 2022-12-03-21-00 7256
1670090400 2022-12-04-03-00 7360
1670101201 2022-12-04-06-00 7252
1670112000 2022-12-04-09-00 7253
1670122800 2022-12-04-12-00 7253
1670133600 2022-12-04-15-00 7253
